<?xml version="1.0" encoding="UTF-8"?>
<coverage generated="1656396718401" clover="3.2.0">
  <project timestamp="1656396718401" name="All files">
    <metrics statements="21" coveredstatements="14" conditionals="7" coveredconditionals="5" methods="9" coveredmethods="7" elements="37" coveredelements="26" complexity="0" loc="21" ncloc="21" packages="2" files="4" classes="4"/>
    <package name="src">
      <metrics statements="12" coveredstatements="6" conditionals="4" coveredconditionals="2" methods="3" coveredmethods="2"/>
      <file name="App.js" path="/Users/amarnathmourya/Documents/GoDaddyProject/godaddytest/src/App.js">
        <metrics statements="1" coveredstatements="1" conditionals="0" coveredconditionals="0" methods="1" coveredmethods="1"/>
        <line num="4" count="1" type="stmt"/>
      </file>
      <file name="index.js" path="/Users/amarnathmourya/Documents/GoDaddyProject/godaddytest/src/index.js">
        <metrics statements="3" coveredstatements="3" conditionals="0" coveredconditionals="0" methods="0" coveredmethods="0"/>
        <line num="7" count="1" type="stmt"/>
        <line num="8" count="1" type="stmt"/>
        <line num="17" count="1" type="stmt"/>
      </file>
      <file name="reportWebVitals.js" path="/Users/amarnathmourya/Documents/GoDaddyProject/godaddytest/src/reportWebVitals.js">
        <metrics statements="8" coveredstatements="2" conditionals="4" coveredconditionals="2" methods="2" coveredmethods="1"/>
        <line num="1" count="1" type="stmt"/>
        <line num="2" count="1" type="cond" truecount="2" falsecount="2"/>
        <line num="3" count="0" type="stmt"/>
        <line num="4" count="0" type="stmt"/>
        <line num="5" count="0" type="stmt"/>
        <line num="6" count="0" type="stmt"/>
        <line num="7" count="0" type="stmt"/>
        <line num="8" count="0" type="stmt"/>
      </file>
    </package>
    <package name="src.components.RepoDashboard">
      <metrics statements="9" coveredstatements="8" conditionals="3" coveredconditionals="3" methods="6" coveredmethods="5"/>
      <file name="index.js" path="/Users/amarnathmourya/Documents/GoDaddyProject/godaddytest/src/components/RepoDashboard/index.js">
        <metrics statements="9" coveredstatements="8" conditionals="3" coveredconditionals="3" methods="6" coveredmethods="5"/>
        <line num="4" count="3" type="stmt"/>
        <line num="5" count="5" type="stmt"/>
        <line num="7" count="4" type="stmt"/>
        <line num="8" count="3" type="stmt"/>
        <line num="10" count="2" type="stmt"/>
        <line num="12" count="2" type="stmt"/>
        <line num="15" count="0" type="stmt"/>
        <line num="19" count="4" type="stmt"/>
        <line num="35" count="2" type="stmt"/>
      </file>
    </package>
  </project>
</coverage>
