{"/Users/amarnathmourya/Documents/GoDaddyProject/godaddytest/src/App.js": {"path":"/Users/amarnathmourya/Documents/GoDaddyProject/godaddytest/src/App.js","statementMap":{"0":{"start":{"line":4,"column":2},"end":{"line":10,"column":4}}},"fnMap":{"0":{"name":"App","decl":{"start":{"line":3,"column":9},"end":{"line":3,"column":12}},"loc":{"start":{"line":3,"column":15},"end":{"line":11,"column":1}},"line":3}},"branchMap":{},"s":{"0":1},"f":{"0":1},"b":{},"_coverageSchema":"1a1c01bbd47fc00a2c39e90264f33305004495a9","hash":"6d78127bf02161f433736890d459d7fa04b778ad"}
,"/Users/amarnathmourya/Documents/GoDaddyProject/godaddytest/src/index.js": {"path":"/Users/amarnathmourya/Documents/GoDaddyProject/godaddytest/src/index.js","statementMap":{"0":{"start":{"line":7,"column":13},"end":{"line":7,"column":65}},"1":{"start":{"line":8,"column":0},"end":{"line":12,"column":2}},"2":{"start":{"line":17,"column":0},"end":{"line":17,"column":18}}},"fnMap":{},"branchMap":{},"s":{"0":1,"1":1,"2":1},"f":{},"b":{},"_coverageSchema":"1a1c01bbd47fc00a2c39e90264f33305004495a9","hash":"149580127cf1b6e7ef1c4920767de00a425f2056"}
,"/Users/amarnathmourya/Documents/GoDaddyProject/godaddytest/src/reportWebVitals.js": {"path":"/Users/amarnathmourya/Documents/GoDaddyProject/godaddytest/src/reportWebVitals.js","statementMap":{"0":{"start":{"line":1,"column":24},"end":{"line":11,"column":1}},"1":{"start":{"line":2,"column":2},"end":{"line":10,"column":3}},"2":{"start":{"line":3,"column":4},"end":{"line":9,"column":7}},"3":{"start":{"line":4,"column":6},"end":{"line":4,"column":26}},"4":{"start":{"line":5,"column":6},"end":{"line":5,"column":26}},"5":{"start":{"line":6,"column":6},"end":{"line":6,"column":26}},"6":{"start":{"line":7,"column":6},"end":{"line":7,"column":26}},"7":{"start":{"line":8,"column":6},"end":{"line":8,"column":27}}},"fnMap":{"0":{"name":"(anonymous_0)","decl":{"start":{"line":1,"column":24},"end":{"line":1,"column":25}},"loc":{"start":{"line":1,"column":39},"end":{"line":11,"column":1}},"line":1},"1":{"name":"(anonymous_1)","decl":{"start":{"line":3,"column":30},"end":{"line":3,"column":31}},"loc":{"start":{"line":3,"column":79},"end":{"line":9,"column":5}},"line":3}},"branchMap":{"0":{"loc":{"start":{"line":2,"column":2},"end":{"line":10,"column":3}},"type":"if","locations":[{"start":{"line":2,"column":2},"end":{"line":10,"column":3}},{"start":{},"end":{}}],"line":2},"1":{"loc":{"start":{"line":2,"column":6},"end":{"line":2,"column":52}},"type":"binary-expr","locations":[{"start":{"line":2,"column":6},"end":{"line":2,"column":17}},{"start":{"line":2,"column":21},"end":{"line":2,"column":52}}],"line":2}},"s":{"0":1,"1":1,"2":0,"3":0,"4":0,"5":0,"6":0,"7":0},"f":{"0":1,"1":0},"b":{"0":[0,1],"1":[1,0]},"_coverageSchema":"1a1c01bbd47fc00a2c39e90264f33305004495a9","hash":"169359801213987d55a6354b850d8442af4e720a"}
,"/Users/amarnathmourya/Documents/GoDaddyProject/godaddytest/src/components/RepoDashboard/index.js": {"path":"/Users/amarnathmourya/Documents/GoDaddyProject/godaddytest/src/components/RepoDashboard/index.js","statementMap":{"0":{"start":{"line":4,"column":22},"end":{"line":52,"column":1}},"1":{"start":{"line":5,"column":26},"end":{"line":5,"column":38}},"2":{"start":{"line":7,"column":2},"end":{"line":17,"column":8}},"3":{"start":{"line":8,"column":4},"end":{"line":16,"column":8}},"4":{"start":{"line":10,"column":21},"end":{"line":10,"column":31}},"5":{"start":{"line":12,"column":8},"end":{"line":12,"column":21}},"6":{"start":{"line":15,"column":8},"end":{"line":15,"column":55}},"7":{"start":{"line":19,"column":2},"end":{"line":51,"column":3}},"8":{"start":{"line":35,"column":10},"end":{"line":47,"column":11}}},"fnMap":{"0":{"name":"(anonymous_0)","decl":{"start":{"line":4,"column":22},"end":{"line":4,"column":23}},"loc":{"start":{"line":4,"column":28},"end":{"line":52,"column":1}},"line":4},"1":{"name":"(anonymous_1)","decl":{"start":{"line":7,"column":12},"end":{"line":7,"column":13}},"loc":{"start":{"line":7,"column":18},"end":{"line":17,"column":3}},"line":7},"2":{"name":"(anonymous_2)","decl":{"start":{"line":10,"column":12},"end":{"line":10,"column":13}},"loc":{"start":{"line":10,"column":21},"end":{"line":10,"column":31}},"line":10},"3":{"name":"(anonymous_3)","decl":{"start":{"line":11,"column":12},"end":{"line":11,"column":13}},"loc":{"start":{"line":11,"column":22},"end":{"line":13,"column":7}},"line":11},"4":{"name":"(anonymous_4)","decl":{"start":{"line":14,"column":13},"end":{"line":14,"column":14}},"loc":{"start":{"line":14,"column":24},"end":{"line":16,"column":7}},"line":14},"5":{"name":"(anonymous_5)","decl":{"start":{"line":34,"column":41},"end":{"line":34,"column":42}},"loc":{"start":{"line":34,"column":50},"end":{"line":48,"column":9}},"line":34}},"branchMap":{"0":{"loc":{"start":{"line":34,"column":9},"end":{"line":48,"column":10}},"type":"binary-expr","locations":[{"start":{"line":34,"column":9},"end":{"line":34,"column":13}},{"start":{"line":34,"column":17},"end":{"line":34,"column":28}},{"start":{"line":34,"column":32},"end":{"line":48,"column":10}}],"line":34}},"s":{"0":3,"1":5,"2":4,"3":3,"4":2,"5":2,"6":0,"7":4,"8":2},"f":{"0":5,"1":3,"2":2,"3":2,"4":0,"5":2},"b":{"0":[4,4,1]},"_coverageSchema":"1a1c01bbd47fc00a2c39e90264f33305004495a9","hash":"9635cce9432efc4e14bf11c27926ff0966c7611b"}
}
